TN:
SF:src/DotBots.js
FN:17,(anonymous_0)
FN:25,(anonymous_1)
FN:27,(anonymous_2)
FN:35,(anonymous_3)
FN:40,(anonymous_4)
FN:41,(anonymous_5)
FN:50,(anonymous_6)
FN:51,(anonymous_7)
FN:59,(anonymous_8)
FN:67,(anonymous_9)
FN:68,(anonymous_10)
FN:70,(anonymous_11)
FN:78,(anonymous_12)
FN:83,(anonymous_13)
FN:92,(anonymous_14)
FN:93,(anonymous_15)
FN:94,(anonymous_16)
FN:95,(anonymous_17)
FN:98,(anonymous_18)
FN:103,(anonymous_19)
FN:109,(anonymous_20)
FN:130,(anonymous_21)
FNF:22
FNH:16
FNDA:21,(anonymous_0)
FNDA:1,(anonymous_1)
FNDA:1,(anonymous_2)
FNDA:9,(anonymous_3)
FNDA:4,(anonymous_4)
FNDA:12,(anonymous_5)
FNDA:2,(anonymous_6)
FNDA:0,(anonymous_7)
FNDA:2,(anonymous_8)
FNDA:3,(anonymous_9)
FNDA:0,(anonymous_10)
FNDA:0,(anonymous_11)
FNDA:1,(anonymous_12)
FNDA:1,(anonymous_13)
FNDA:1,(anonymous_14)
FNDA:0,(anonymous_15)
FNDA:1,(anonymous_16)
FNDA:0,(anonymous_17)
FNDA:0,(anonymous_18)
FNDA:4,(anonymous_19)
FNDA:18,(anonymous_20)
FNDA:21,(anonymous_21)
DA:13,1
DA:14,1
DA:17,1
DA:19,21
DA:25,1
DA:27,1
DA:35,1
DA:36,9
DA:37,9
DA:38,9
DA:40,9
DA:41,12
DA:42,4
DA:43,0
DA:45,4
DA:50,9
DA:51,2
DA:52,2
DA:53,2
DA:54,1
DA:59,9
DA:60,2
DA:61,2
DA:62,1
DA:64,2
DA:67,9
DA:68,3
DA:69,3
DA:70,3
DA:71,3
DA:72,3
DA:73,3
DA:78,9
DA:79,1
DA:80,1
DA:83,9
DA:84,1
DA:86,1
DA:87,1
DA:91,9
DA:92,1
DA:93,0
DA:94,1
DA:95,0
DA:98,9
DA:99,0
DA:100,0
DA:103,9
DA:104,4
DA:105,1
DA:109,18
DA:111,9
DA:130,21
LF:53
LH:48
BRDA:24,0,0,6
BRDA:24,0,1,15
BRDA:42,1,0,0
BRDA:42,1,1,4
BRDA:42,2,0,4
BRDA:42,2,1,4
BRDA:53,3,0,1
BRDA:53,3,1,1
BRDA:53,4,0,2
BRDA:53,4,1,2
BRDA:61,5,0,1
BRDA:61,5,1,1
BRDA:72,6,0,3
BRDA:72,6,1,0
BRDA:72,7,0,3
BRDA:72,7,1,3
BRDA:86,8,0,1
BRDA:86,8,1,0
BRDA:104,9,0,1
BRDA:104,9,1,3
BRDA:109,10,0,9
BRDA:109,10,1,6
BRDA:109,10,2,6
BRDA:130,11,0,9
BRDA:130,11,1,7
BRDA:135,12,0,6
BRDA:135,12,1,3
BRF:27
BRH:24
end_of_record
TN:
SF:src/Joystick.js
FN:11,(anonymous_0)
FN:14,(anonymous_1)
FN:16,(anonymous_2)
FN:26,(anonymous_3)
FN:30,(anonymous_4)
FN:68,(anonymous_5)
FN:70,(anonymous_6)
FNF:7
FNH:2
FNDA:10,(anonymous_0)
FNDA:2,(anonymous_1)
FNDA:0,(anonymous_2)
FNDA:0,(anonymous_3)
FNDA:0,(anonymous_4)
FNDA:0,(anonymous_5)
FNDA:0,(anonymous_6)
DA:11,2
DA:12,10
DA:14,10
DA:16,10
DA:17,0
DA:18,0
DA:19,0
DA:21,0
DA:22,0
DA:23,0
DA:25,0
DA:26,0
DA:30,10
DA:31,0
DA:32,0
DA:34,0
DA:35,0
DA:38,0
DA:39,0
DA:41,0
DA:42,0
DA:44,0
DA:45,0
DA:47,0
DA:48,0
DA:52,0
DA:53,0
DA:55,0
DA:56,0
DA:58,0
DA:59,0
DA:61,0
DA:62,0
DA:65,0
DA:68,10
DA:69,0
DA:70,0
DA:73,10
LF:38
LH:7
BRDA:18,0,0,0
BRDA:18,0,1,0
BRDA:18,1,0,0
BRDA:18,1,1,0
BRDA:23,2,0,0
BRDA:23,2,1,0
BRDA:23,3,0,0
BRDA:23,3,1,0
BRDA:25,4,0,0
BRDA:25,4,1,0
BRDA:38,5,0,0
BRDA:38,5,1,0
BRDA:41,6,0,0
BRDA:41,6,1,0
BRDA:44,7,0,0
BRDA:44,7,1,0
BRDA:47,8,0,0
BRDA:47,8,1,0
BRDA:52,9,0,0
BRDA:52,9,1,0
BRDA:55,10,0,0
BRDA:55,10,1,0
BRDA:58,11,0,0
BRDA:58,11,1,0
BRDA:61,12,0,0
BRDA:61,12,1,0
BRDA:71,13,0,0
BRDA:71,13,1,10
BRF:28
BRH:1
end_of_record
TN:
SF:src/index.js
FNF:0
FNH:0
DA:9,0
DA:10,0
LF:2
LH:0
BRF:0
BRH:0
end_of_record
TN:
SF:src/rest.js
FN:3,(anonymous_0)
FN:11,(anonymous_1)
FN:14,(anonymous_2)
FN:17,(anonymous_3)
FN:20,(anonymous_4)
FN:23,(anonymous_5)
FN:26,(anonymous_6)
FN:29,(anonymous_7)
FN:38,(anonymous_8)
FNF:9
FNH:5
FNDA:2,(anonymous_0)
FNDA:3,(anonymous_1)
FNDA:3,(anonymous_2)
FNDA:0,(anonymous_3)
FNDA:0,(anonymous_4)
FNDA:3,(anonymous_5)
FNDA:3,(anonymous_6)
FNDA:0,(anonymous_7)
FNDA:0,(anonymous_8)
DA:3,2
DA:4,2
DA:11,2
DA:12,3
DA:14,3
DA:17,2
DA:18,0
DA:20,0
DA:23,2
DA:24,3
DA:26,3
DA:29,2
DA:30,0
DA:31,0
DA:38,2
DA:39,0
DA:40,0
LF:17
LH:11
BRF:0
BRH:0
end_of_record
