{"/opt/actions-runner/_work/BotController-python/BotController-python/bot_controller/frontend/src/DotBots.js": {"path":"/opt/actions-runner/_work/BotController-python/BotController-python/bot_controller/frontend/src/DotBots.js","statementMap":{"0":{"start":{"line":13,"column":21},"end":{"line":13,"column":83}},"1":{"start":{"line":14,"column":24},"end":{"line":14,"column":42}},"2":{"start":{"line":17,"column":18},"end":{"line":33,"column":1}},"3":{"start":{"line":19,"column":2},"end":{"line":32,"column":3}},"4":{"start":{"line":25,"column":87},"end":{"line":25,"column":130}},"5":{"start":{"line":27,"column":87},"end":{"line":27,"column":130}},"6":{"start":{"line":35,"column":16},"end":{"line":161,"column":1}},"7":{"start":{"line":36,"column":34},"end":{"line":36,"column":44}},"8":{"start":{"line":37,"column":44},"end":{"line":37,"column":69}},"9":{"start":{"line":38,"column":30},"end":{"line":38,"column":60}},"10":{"start":{"line":40,"column":22},"end":{"line":48,"column":3}},"11":{"start":{"line":41,"column":19},"end":{"line":41,"column":63}},"12":{"start":{"line":41,"column":37},"end":{"line":41,"column":59}},"13":{"start":{"line":42,"column":4},"end":{"line":46,"column":5}},"14":{"start":{"line":43,"column":6},"end":{"line":43,"column":90}},"15":{"start":{"line":45,"column":6},"end":{"line":45,"column":36}},"16":{"start":{"line":50,"column":23},"end":{"line":57,"column":3}},"17":{"start":{"line":51,"column":4},"end":{"line":51,"column":87}},"18":{"start":{"line":51,"column":65},"end":{"line":51,"column":85}},"19":{"start":{"line":52,"column":4},"end":{"line":52,"column":29}},"20":{"start":{"line":53,"column":4},"end":{"line":55,"column":5}},"21":{"start":{"line":54,"column":6},"end":{"line":54,"column":36}},"22":{"start":{"line":59,"column":23},"end":{"line":65,"column":3}},"23":{"start":{"line":60,"column":21},"end":{"line":60,"column":28}},"24":{"start":{"line":61,"column":4},"end":{"line":63,"column":5}},"25":{"start":{"line":62,"column":6},"end":{"line":62,"column":34}},"26":{"start":{"line":64,"column":4},"end":{"line":64,"column":35}},"27":{"start":{"line":67,"column":23},"end":{"line":76,"column":3}},"28":{"start":{"line":68,"column":17},"end":{"line":68,"column":75}},"29":{"start":{"line":68,"column":56},"end":{"line":68,"column":74}},"30":{"start":{"line":69,"column":4},"end":{"line":69,"column":21}},"31":{"start":{"line":70,"column":19},"end":{"line":70,"column":89}},"32":{"start":{"line":70,"column":70},"end":{"line":70,"column":88}},"33":{"start":{"line":71,"column":4},"end":{"line":71,"column":28}},"34":{"start":{"line":72,"column":4},"end":{"line":74,"column":5}},"35":{"start":{"line":73,"column":6},"end":{"line":73,"column":32}},"36":{"start":{"line":78,"column":19},"end":{"line":81,"column":3}},"37":{"start":{"line":79,"column":4},"end":{"line":79,"column":36}},"38":{"start":{"line":80,"column":4},"end":{"line":80,"column":19}},"39":{"start":{"line":83,"column":22},"end":{"line":89,"column":3}},"40":{"start":{"line":84,"column":20},"end":{"line":84,"column":42}},"41":{"start":{"line":86,"column":4},"end":{"line":88,"column":5}},"42":{"start":{"line":87,"column":6},"end":{"line":87,"column":21}},"43":{"start":{"line":91,"column":2},"end":{"line":96,"column":5}},"44":{"start":{"line":92,"column":18},"end":{"line":92,"column":28}},"45":{"start":{"line":93,"column":19},"end":{"line":93,"column":50}},"46":{"start":{"line":94,"column":26},"end":{"line":94,"column":44}},"47":{"start":{"line":95,"column":32},"end":{"line":95,"column":36}},"48":{"start":{"line":98,"column":21},"end":{"line":101,"column":3}},"49":{"start":{"line":99,"column":4},"end":{"line":99,"column":67}},"50":{"start":{"line":100,"column":4},"end":{"line":100,"column":25}},"51":{"start":{"line":103,"column":2},"end":{"line":107,"column":30}},"52":{"start":{"line":104,"column":4},"end":{"line":106,"column":5}},"53":{"start":{"line":105,"column":6},"end":{"line":105,"column":21}},"54":{"start":{"line":109,"column":26},"end":{"line":109,"column":141}},"55":{"start":{"line":109,"column":98},"end":{"line":109,"column":129}},"56":{"start":{"line":111,"column":2},"end":{"line":160,"column":4}},"57":{"start":{"line":130,"column":46},"end":{"line":130,"column":154}}},"fnMap":{"0":{"name":"(anonymous_0)","decl":{"start":{"line":17,"column":18},"end":{"line":17,"column":19}},"loc":{"start":{"line":17,"column":29},"end":{"line":33,"column":1}},"line":17},"1":{"name":"(anonymous_1)","decl":{"start":{"line":25,"column":81},"end":{"line":25,"column":82}},"loc":{"start":{"line":25,"column":87},"end":{"line":25,"column":130}},"line":25},"2":{"name":"(anonymous_2)","decl":{"start":{"line":27,"column":81},"end":{"line":27,"column":82}},"loc":{"start":{"line":27,"column":87},"end":{"line":27,"column":130}},"line":27},"3":{"name":"(anonymous_3)","decl":{"start":{"line":35,"column":16},"end":{"line":35,"column":17}},"loc":{"start":{"line":35,"column":22},"end":{"line":161,"column":1}},"line":35},"4":{"name":"(anonymous_4)","decl":{"start":{"line":40,"column":34},"end":{"line":40,"column":35}},"loc":{"start":{"line":40,"column":53},"end":{"line":47,"column":3}},"line":40},"5":{"name":"(anonymous_5)","decl":{"start":{"line":41,"column":31},"end":{"line":41,"column":32}},"loc":{"start":{"line":41,"column":37},"end":{"line":41,"column":59}},"line":41},"6":{"name":"(anonymous_6)","decl":{"start":{"line":50,"column":35},"end":{"line":50,"column":36}},"loc":{"start":{"line":50,"column":54},"end":{"line":56,"column":3}},"line":50},"7":{"name":"(anonymous_7)","decl":{"start":{"line":51,"column":54},"end":{"line":51,"column":55}},"loc":{"start":{"line":51,"column":65},"end":{"line":51,"column":85}},"line":51},"8":{"name":"(anonymous_8)","decl":{"start":{"line":59,"column":23},"end":{"line":59,"column":24}},"loc":{"start":{"line":59,"column":42},"end":{"line":65,"column":3}},"line":59},"9":{"name":"(anonymous_9)","decl":{"start":{"line":67,"column":35},"end":{"line":67,"column":36}},"loc":{"start":{"line":67,"column":47},"end":{"line":75,"column":3}},"line":67},"10":{"name":"(anonymous_10)","decl":{"start":{"line":68,"column":47},"end":{"line":68,"column":48}},"loc":{"start":{"line":68,"column":56},"end":{"line":68,"column":74}},"line":68},"11":{"name":"(anonymous_11)","decl":{"start":{"line":70,"column":61},"end":{"line":70,"column":62}},"loc":{"start":{"line":70,"column":70},"end":{"line":70,"column":88}},"line":70},"12":{"name":"(anonymous_12)","decl":{"start":{"line":78,"column":19},"end":{"line":78,"column":20}},"loc":{"start":{"line":78,"column":25},"end":{"line":81,"column":3}},"line":78},"13":{"name":"(anonymous_13)","decl":{"start":{"line":83,"column":22},"end":{"line":83,"column":23}},"loc":{"start":{"line":83,"column":33},"end":{"line":89,"column":3}},"line":83},"14":{"name":"(anonymous_14)","decl":{"start":{"line":92,"column":12},"end":{"line":92,"column":13}},"loc":{"start":{"line":92,"column":18},"end":{"line":92,"column":28}},"line":92},"15":{"name":"(anonymous_15)","decl":{"start":{"line":93,"column":13},"end":{"line":93,"column":14}},"loc":{"start":{"line":93,"column":19},"end":{"line":93,"column":50}},"line":93},"16":{"name":"(anonymous_16)","decl":{"start":{"line":94,"column":15},"end":{"line":94,"column":16}},"loc":{"start":{"line":94,"column":26},"end":{"line":94,"column":44}},"line":94},"17":{"name":"(anonymous_17)","decl":{"start":{"line":95,"column":21},"end":{"line":95,"column":22}},"loc":{"start":{"line":95,"column":32},"end":{"line":95,"column":36}},"line":95},"18":{"name":"(anonymous_18)","decl":{"start":{"line":98,"column":21},"end":{"line":98,"column":22}},"loc":{"start":{"line":98,"column":33},"end":{"line":101,"column":3}},"line":98},"19":{"name":"(anonymous_19)","decl":{"start":{"line":103,"column":12},"end":{"line":103,"column":13}},"loc":{"start":{"line":103,"column":18},"end":{"line":107,"column":3}},"line":103},"20":{"name":"(anonymous_20)","decl":{"start":{"line":109,"column":88},"end":{"line":109,"column":89}},"loc":{"start":{"line":109,"column":98},"end":{"line":109,"column":129}},"line":109},"21":{"name":"(anonymous_21)","decl":{"start":{"line":130,"column":36},"end":{"line":130,"column":37}},"loc":{"start":{"line":130,"column":46},"end":{"line":130,"column":154}},"line":130}},"branchMap":{"0":{"loc":{"start":{"line":24,"column":8},"end":{"line":28,"column":9}},"type":"cond-expr","locations":[{"start":{"line":25,"column":10},"end":{"line":25,"column":147}},{"start":{"line":27,"column":10},"end":{"line":27,"column":149}}],"line":24},"1":{"loc":{"start":{"line":42,"column":4},"end":{"line":46,"column":5}},"type":"if","locations":[{"start":{"line":42,"column":4},"end":{"line":46,"column":5}},{"start":{"line":44,"column":11},"end":{"line":46,"column":5}}],"line":42},"2":{"loc":{"start":{"line":42,"column":8},"end":{"line":42,"column":32}},"type":"binary-expr","locations":[{"start":{"line":42,"column":8},"end":{"line":42,"column":14}},{"start":{"line":42,"column":18},"end":{"line":42,"column":32}}],"line":42},"3":{"loc":{"start":{"line":53,"column":4},"end":{"line":55,"column":5}},"type":"if","locations":[{"start":{"line":53,"column":4},"end":{"line":55,"column":5}},{"start":{},"end":{}}],"line":53},"4":{"loc":{"start":{"line":53,"column":8},"end":{"line":53,"column":46}},"type":"binary-expr","locations":[{"start":{"line":53,"column":8},"end":{"line":53,"column":15}},{"start":{"line":53,"column":19},"end":{"line":53,"column":46}}],"line":53},"5":{"loc":{"start":{"line":61,"column":4},"end":{"line":63,"column":5}},"type":"if","locations":[{"start":{"line":61,"column":4},"end":{"line":63,"column":5}},{"start":{},"end":{}}],"line":61},"6":{"loc":{"start":{"line":72,"column":4},"end":{"line":74,"column":5}},"type":"if","locations":[{"start":{"line":72,"column":4},"end":{"line":74,"column":5}},{"start":{},"end":{}}],"line":72},"7":{"loc":{"start":{"line":72,"column":8},"end":{"line":72,"column":42}},"type":"binary-expr","locations":[{"start":{"line":72,"column":8},"end":{"line":72,"column":12}},{"start":{"line":72,"column":16},"end":{"line":72,"column":42}}],"line":72},"8":{"loc":{"start":{"line":86,"column":4},"end":{"line":88,"column":5}},"type":"if","locations":[{"start":{"line":86,"column":4},"end":{"line":88,"column":5}},{"start":{},"end":{}}],"line":86},"9":{"loc":{"start":{"line":104,"column":4},"end":{"line":106,"column":5}},"type":"if","locations":[{"start":{"line":104,"column":4},"end":{"line":106,"column":5}},{"start":{},"end":{}}],"line":104},"10":{"loc":{"start":{"line":109,"column":26},"end":{"line":109,"column":141}},"type":"binary-expr","locations":[{"start":{"line":109,"column":26},"end":{"line":109,"column":58}},{"start":{"line":109,"column":62},"end":{"line":109,"column":69}},{"start":{"line":109,"column":73},"end":{"line":109,"column":141}}],"line":109},"11":{"loc":{"start":{"line":130,"column":13},"end":{"line":130,"column":155}},"type":"binary-expr","locations":[{"start":{"line":130,"column":13},"end":{"line":130,"column":20}},{"start":{"line":130,"column":24},"end":{"line":130,"column":155}}],"line":130},"12":{"loc":{"start":{"line":135,"column":34},"end":{"line":135,"column":75}},"type":"cond-expr","locations":[{"start":{"line":135,"column":52},"end":{"line":135,"column":61}},{"start":{"line":135,"column":64},"end":{"line":135,"column":75}}],"line":135}},"s":{"0":1,"1":1,"2":1,"3":21,"4":1,"5":1,"6":1,"7":9,"8":9,"9":9,"10":9,"11":4,"12":12,"13":4,"14":0,"15":4,"16":9,"17":2,"18":0,"19":2,"20":2,"21":1,"22":9,"23":2,"24":2,"25":1,"26":2,"27":9,"28":3,"29":0,"30":3,"31":3,"32":0,"33":3,"34":3,"35":3,"36":9,"37":1,"38":1,"39":9,"40":1,"41":1,"42":1,"43":9,"44":1,"45":0,"46":1,"47":0,"48":9,"49":0,"50":0,"51":9,"52":4,"53":1,"54":9,"55":18,"56":9,"57":21},"f":{"0":21,"1":1,"2":1,"3":9,"4":4,"5":12,"6":2,"7":0,"8":2,"9":3,"10":0,"11":0,"12":1,"13":1,"14":1,"15":0,"16":1,"17":0,"18":0,"19":4,"20":18,"21":21},"b":{"0":[6,15],"1":[0,4],"2":[4,4],"3":[1,1],"4":[2,2],"5":[1,1],"6":[3,0],"7":[3,3],"8":[1,0],"9":[1,3],"10":[9,6,6],"11":[9,7],"12":[6,3]},"_coverageSchema":"1a1c01bbd47fc00a2c39e90264f33305004495a9","hash":"d44a87db0e88a4d63faee996d847029fc293eefb"}
,"/opt/actions-runner/_work/BotController-python/BotController-python/bot_controller/frontend/src/Joystick.js": {"path":"/opt/actions-runner/_work/BotController-python/BotController-python/bot_controller/frontend/src/Joystick.js","statementMap":{"0":{"start":{"line":11,"column":24},"end":{"line":95,"column":1}},"1":{"start":{"line":12,"column":28},"end":{"line":12,"column":77}},"2":{"start":{"line":14,"column":26},"end":{"line":14,"column":59}},"3":{"start":{"line":14,"column":43},"end":{"line":14,"column":57}},"4":{"start":{"line":16,"column":15},"end":{"line":28,"column":4}},"5":{"start":{"line":17,"column":19},"end":{"line":17,"column":63}},"6":{"start":{"line":18,"column":4},"end":{"line":20,"column":5}},"7":{"start":{"line":19,"column":6},"end":{"line":19,"column":13}},"8":{"start":{"line":21,"column":17},"end":{"line":21,"column":33}},"9":{"start":{"line":22,"column":4},"end":{"line":22,"column":49}},"10":{"start":{"line":23,"column":4},"end":{"line":23,"column":71}},"11":{"start":{"line":25,"column":4},"end":{"line":27,"column":5}},"12":{"start":{"line":26,"column":6},"end":{"line":26,"column":85}},"13":{"start":{"line":26,"column":65},"end":{"line":26,"column":83}},"14":{"start":{"line":30,"column":23},"end":{"line":66,"column":3}},"15":{"start":{"line":31,"column":16},"end":{"line":31,"column":51}},"16":{"start":{"line":32,"column":18},"end":{"line":32,"column":53}},"17":{"start":{"line":34,"column":20},"end":{"line":34,"column":39}},"18":{"start":{"line":35,"column":21},"end":{"line":35,"column":40}},"19":{"start":{"line":38,"column":4},"end":{"line":40,"column":5}},"20":{"start":{"line":39,"column":6},"end":{"line":39,"column":22}},"21":{"start":{"line":41,"column":4},"end":{"line":43,"column":5}},"22":{"start":{"line":42,"column":6},"end":{"line":42,"column":23}},"23":{"start":{"line":44,"column":4},"end":{"line":46,"column":5}},"24":{"start":{"line":45,"column":6},"end":{"line":45,"column":22}},"25":{"start":{"line":47,"column":4},"end":{"line":49,"column":5}},"26":{"start":{"line":48,"column":6},"end":{"line":48,"column":23}},"27":{"start":{"line":52,"column":4},"end":{"line":54,"column":5}},"28":{"start":{"line":53,"column":6},"end":{"line":53,"column":22}},"29":{"start":{"line":55,"column":4},"end":{"line":57,"column":5}},"30":{"start":{"line":56,"column":6},"end":{"line":56,"column":23}},"31":{"start":{"line":58,"column":4},"end":{"line":60,"column":5}},"32":{"start":{"line":59,"column":6},"end":{"line":59,"column":23}},"33":{"start":{"line":61,"column":4},"end":{"line":63,"column":5}},"34":{"start":{"line":62,"column":6},"end":{"line":62,"column":24}},"35":{"start":{"line":65,"column":4},"end":{"line":65,"column":50}},"36":{"start":{"line":68,"column":2},"end":{"line":71,"column":32}},"37":{"start":{"line":69,"column":19},"end":{"line":69,"column":33}},"38":{"start":{"line":70,"column":4},"end":{"line":70,"column":104}},"39":{"start":{"line":70,"column":84},"end":{"line":70,"column":102}},"40":{"start":{"line":73,"column":2},"end":{"line":94,"column":3}}},"fnMap":{"0":{"name":"(anonymous_0)","decl":{"start":{"line":11,"column":24},"end":{"line":11,"column":25}},"loc":{"start":{"line":11,"column":35},"end":{"line":95,"column":1}},"line":11},"1":{"name":"(anonymous_1)","decl":{"start":{"line":14,"column":36},"end":{"line":14,"column":37}},"loc":{"start":{"line":14,"column":43},"end":{"line":14,"column":57}},"line":14},"2":{"name":"(anonymous_2)","decl":{"start":{"line":16,"column":23},"end":{"line":16,"column":24}},"loc":{"start":{"line":16,"column":65},"end":{"line":28,"column":3}},"line":16},"3":{"name":"(anonymous_3)","decl":{"start":{"line":26,"column":56},"end":{"line":26,"column":57}},"loc":{"start":{"line":26,"column":65},"end":{"line":26,"column":83}},"line":26},"4":{"name":"(anonymous_4)","decl":{"start":{"line":30,"column":23},"end":{"line":30,"column":24}},"loc":{"start":{"line":30,"column":29},"end":{"line":66,"column":3}},"line":30},"5":{"name":"(anonymous_5)","decl":{"start":{"line":68,"column":14},"end":{"line":68,"column":15}},"loc":{"start":{"line":68,"column":26},"end":{"line":71,"column":3}},"line":68},"6":{"name":"(anonymous_6)","decl":{"start":{"line":70,"column":75},"end":{"line":70,"column":76}},"loc":{"start":{"line":70,"column":84},"end":{"line":70,"column":102}},"line":70}},"branchMap":{"0":{"loc":{"start":{"line":18,"column":4},"end":{"line":20,"column":5}},"type":"if","locations":[{"start":{"line":18,"column":4},"end":{"line":20,"column":5}},{"start":{},"end":{}}],"line":18},"1":{"loc":{"start":{"line":18,"column":8},"end":{"line":18,"column":32}},"type":"binary-expr","locations":[{"start":{"line":18,"column":8},"end":{"line":18,"column":14}},{"start":{"line":18,"column":18},"end":{"line":18,"column":32}}],"line":18},"2":{"loc":{"start":{"line":23,"column":13},"end":{"line":23,"column":28}},"type":"cond-expr","locations":[{"start":{"line":23,"column":22},"end":{"line":23,"column":24}},{"start":{"line":23,"column":27},"end":{"line":23,"column":28}}],"line":23},"3":{"loc":{"start":{"line":23,"column":33},"end":{"line":23,"column":48}},"type":"cond-expr","locations":[{"start":{"line":23,"column":42},"end":{"line":23,"column":44}},{"start":{"line":23,"column":47},"end":{"line":23,"column":48}}],"line":23},"4":{"loc":{"start":{"line":25,"column":4},"end":{"line":27,"column":5}},"type":"if","locations":[{"start":{"line":25,"column":4},"end":{"line":27,"column":5}},{"start":{},"end":{}}],"line":25},"5":{"loc":{"start":{"line":38,"column":4},"end":{"line":40,"column":5}},"type":"if","locations":[{"start":{"line":38,"column":4},"end":{"line":40,"column":5}},{"start":{},"end":{}}],"line":38},"6":{"loc":{"start":{"line":41,"column":4},"end":{"line":43,"column":5}},"type":"if","locations":[{"start":{"line":41,"column":4},"end":{"line":43,"column":5}},{"start":{},"end":{}}],"line":41},"7":{"loc":{"start":{"line":44,"column":4},"end":{"line":46,"column":5}},"type":"if","locations":[{"start":{"line":44,"column":4},"end":{"line":46,"column":5}},{"start":{},"end":{}}],"line":44},"8":{"loc":{"start":{"line":47,"column":4},"end":{"line":49,"column":5}},"type":"if","locations":[{"start":{"line":47,"column":4},"end":{"line":49,"column":5}},{"start":{},"end":{}}],"line":47},"9":{"loc":{"start":{"line":52,"column":4},"end":{"line":54,"column":5}},"type":"if","locations":[{"start":{"line":52,"column":4},"end":{"line":54,"column":5}},{"start":{},"end":{}}],"line":52},"10":{"loc":{"start":{"line":55,"column":4},"end":{"line":57,"column":5}},"type":"if","locations":[{"start":{"line":55,"column":4},"end":{"line":57,"column":5}},{"start":{},"end":{}}],"line":55},"11":{"loc":{"start":{"line":58,"column":4},"end":{"line":60,"column":5}},"type":"if","locations":[{"start":{"line":58,"column":4},"end":{"line":60,"column":5}},{"start":{},"end":{}}],"line":58},"12":{"loc":{"start":{"line":61,"column":4},"end":{"line":63,"column":5}},"type":"if","locations":[{"start":{"line":61,"column":4},"end":{"line":63,"column":5}},{"start":{},"end":{}}],"line":61},"13":{"loc":{"start":{"line":71,"column":5},"end":{"line":71,"column":30}},"type":"cond-expr","locations":[{"start":{"line":71,"column":20},"end":{"line":71,"column":23}},{"start":{"line":71,"column":26},"end":{"line":71,"column":30}}],"line":71}},"s":{"0":2,"1":10,"2":10,"3":2,"4":10,"5":0,"6":0,"7":0,"8":0,"9":0,"10":0,"11":0,"12":0,"13":0,"14":10,"15":0,"16":0,"17":0,"18":0,"19":0,"20":0,"21":0,"22":0,"23":0,"24":0,"25":0,"26":0,"27":0,"28":0,"29":0,"30":0,"31":0,"32":0,"33":0,"34":0,"35":0,"36":10,"37":0,"38":0,"39":0,"40":10},"f":{"0":10,"1":2,"2":0,"3":0,"4":0,"5":0,"6":0},"b":{"0":[0,0],"1":[0,0],"2":[0,0],"3":[0,0],"4":[0,0],"5":[0,0],"6":[0,0],"7":[0,0],"8":[0,0],"9":[0,0],"10":[0,0],"11":[0,0],"12":[0,0],"13":[0,10]},"_coverageSchema":"1a1c01bbd47fc00a2c39e90264f33305004495a9","hash":"db84848ebd496c1b649cfb66504678eb043152d8"}
,"/opt/actions-runner/_work/BotController-python/BotController-python/bot_controller/frontend/src/index.js": {"path":"/opt/actions-runner/_work/BotController-python/BotController-python/bot_controller/frontend/src/index.js","statementMap":{"0":{"start":{"line":9,"column":13},"end":{"line":9,"column":68}},"1":{"start":{"line":10,"column":0},"end":{"line":14,"column":2}}},"fnMap":{},"branchMap":{},"s":{"0":0,"1":0},"f":{},"b":{}}
,"/opt/actions-runner/_work/BotController-python/BotController-python/bot_controller/frontend/src/rest.js": {"path":"/opt/actions-runner/_work/BotController-python/BotController-python/bot_controller/frontend/src/rest.js","statementMap":{"0":{"start":{"line":3,"column":44},"end":{"line":9,"column":1}},"1":{"start":{"line":4,"column":2},"end":{"line":8,"column":4}},"2":{"start":{"line":11,"column":31},"end":{"line":15,"column":1}},"3":{"start":{"line":12,"column":2},"end":{"line":14,"column":26}},"4":{"start":{"line":14,"column":16},"end":{"line":14,"column":24}},"5":{"start":{"line":17,"column":30},"end":{"line":21,"column":3}},"6":{"start":{"line":18,"column":4},"end":{"line":20,"column":28}},"7":{"start":{"line":20,"column":18},"end":{"line":20,"column":26}},"8":{"start":{"line":23,"column":43},"end":{"line":27,"column":1}},"9":{"start":{"line":24,"column":2},"end":{"line":26,"column":34}},"10":{"start":{"line":26,"column":16},"end":{"line":26,"column":32}},"11":{"start":{"line":29,"column":32},"end":{"line":36,"column":1}},"12":{"start":{"line":30,"column":18},"end":{"line":30,"column":73}},"13":{"start":{"line":31,"column":2},"end":{"line":35,"column":4}},"14":{"start":{"line":38,"column":31},"end":{"line":45,"column":3}},"15":{"start":{"line":39,"column":20},"end":{"line":39,"column":58}},"16":{"start":{"line":40,"column":4},"end":{"line":44,"column":6}}},"fnMap":{"0":{"name":"(anonymous_0)","decl":{"start":{"line":3,"column":44},"end":{"line":3,"column":45}},"loc":{"start":{"line":3,"column":63},"end":{"line":9,"column":1}},"line":3},"1":{"name":"(anonymous_1)","decl":{"start":{"line":11,"column":31},"end":{"line":11,"column":32}},"loc":{"start":{"line":11,"column":43},"end":{"line":15,"column":1}},"line":11},"2":{"name":"(anonymous_2)","decl":{"start":{"line":14,"column":9},"end":{"line":14,"column":10}},"loc":{"start":{"line":14,"column":16},"end":{"line":14,"column":24}},"line":14},"3":{"name":"(anonymous_3)","decl":{"start":{"line":17,"column":30},"end":{"line":17,"column":31}},"loc":{"start":{"line":17,"column":49},"end":{"line":21,"column":3}},"line":17},"4":{"name":"(anonymous_4)","decl":{"start":{"line":20,"column":11},"end":{"line":20,"column":12}},"loc":{"start":{"line":20,"column":18},"end":{"line":20,"column":26}},"line":20},"5":{"name":"(anonymous_5)","decl":{"start":{"line":23,"column":43},"end":{"line":23,"column":44}},"loc":{"start":{"line":23,"column":55},"end":{"line":27,"column":1}},"line":23},"6":{"name":"(anonymous_6)","decl":{"start":{"line":26,"column":9},"end":{"line":26,"column":10}},"loc":{"start":{"line":26,"column":16},"end":{"line":26,"column":32}},"line":26},"7":{"name":"(anonymous_7)","decl":{"start":{"line":29,"column":32},"end":{"line":29,"column":33}},"loc":{"start":{"line":29,"column":64},"end":{"line":36,"column":1}},"line":29},"8":{"name":"(anonymous_8)","decl":{"start":{"line":38,"column":31},"end":{"line":38,"column":32}},"loc":{"start":{"line":38,"column":68},"end":{"line":45,"column":3}},"line":38}},"branchMap":{},"s":{"0":2,"1":2,"2":2,"3":3,"4":3,"5":2,"6":0,"7":0,"8":2,"9":3,"10":3,"11":2,"12":0,"13":0,"14":2,"15":0,"16":0},"f":{"0":2,"1":3,"2":3,"3":0,"4":0,"5":3,"6":3,"7":0,"8":0},"b":{},"_coverageSchema":"1a1c01bbd47fc00a2c39e90264f33305004495a9","hash":"0230199113fbea818c44e591dbf49e60f3d6cf64"}
}
